<?xml version="1.0" encoding="UTF-8" ?>
<testsuite tests="2" failures="0" name="br.com.americanas.testeACOM.LoginACOM" time="103.822" errors="2" skipped="0">
  <properties>
    <property name="java.runtime.name" value="Java(TM) SE Runtime Environment"/>
    <property name="sun.boot.library.path" value="C:\Program Files\Java\jdk1.8.0_31\jre\bin"/>
    <property name="java.vm.version" value="25.31-b07"/>
    <property name="java.vm.vendor" value="Oracle Corporation"/>
    <property name="java.vendor.url" value="http://java.oracle.com/"/>
    <property name="path.separator" value=";"/>
    <property name="guice.disable.misplaced.annotation.check" value="true"/>
    <property name="java.vm.name" value="Java HotSpot(TM) 64-Bit Server VM"/>
    <property name="file.encoding.pkg" value="sun.io"/>
    <property name="user.script" value=""/>
    <property name="user.country" value="BR"/>
    <property name="sun.java.launcher" value="SUN_STANDARD"/>
    <property name="sun.os.patch.level" value="Service Pack 1"/>
    <property name="test" value="*"/>
    <property name="java.vm.specification.name" value="Java Virtual Machine Specification"/>
    <property name="user.dir" value="C:\Users\gustavo.melo\Documents\Testes\testeACOM"/>
    <property name="java.runtime.version" value="1.8.0_31-b13"/>
    <property name="java.awt.graphicsenv" value="sun.awt.Win32GraphicsEnvironment"/>
    <property name="java.endorsed.dirs" value="C:\Program Files\Java\jdk1.8.0_31\jre\lib\endorsed"/>
    <property name="os.arch" value="amd64"/>
    <property name="java.io.tmpdir" value="C:\Users\GUSTAV~1.MEL\AppData\Local\Temp\"/>
    <property name="line.separator" value="
"/>
    <property name="java.vm.specification.vendor" value="Oracle Corporation"/>
    <property name="user.variant" value=""/>
    <property name="os.name" value="Windows 7"/>
    <property name="classworlds.conf" value="C:\Users\gustavo.melo\Documents\Testes\.metadata\.plugins\org.eclipse.m2e.launching\launches\m2conf4748289314851677637.tmp"/>
    <property name="sun.jnu.encoding" value="Cp1252"/>
    <property name="java.library.path" value="C:\Program Files\Java\jdk1.8.0_31\bin;C:\Windows\Sun\Java\bin;C:\Windows\system32;C:\Windows;C:/Program Files/Java/jre1.8.0_31/bin/server;C:/Program Files/Java/jre1.8.0_31/bin;C:/Program Files/Java/jre1.8.0_31/lib/amd64;C:\ProgramData\Oracle\Java\javapath;C:\Program Files;C:\Winnt;C:\Winnt\System32;%JAVA_HOME%\bin;%M2_HOME%\bin;C:\Program Files (x86)\Skype\Phone\;C:\sts-bundle\sts-3.6.3.RELEASE;;."/>
    <property name="java.specification.name" value="Java Platform API Specification"/>
    <property name="java.class.version" value="52.0"/>
    <property name="sun.management.compiler" value="HotSpot 64-Bit Tiered Compilers"/>
    <property name="os.version" value="6.1"/>
    <property name="user.home" value="C:\Users\gustavo.melo"/>
    <property name="user.timezone" value="America/Sao_Paulo"/>
    <property name="java.awt.printerjob" value="sun.awt.windows.WPrinterJob"/>
    <property name="java.specification.version" value="1.8"/>
    <property name="file.encoding" value="Cp1252"/>
    <property name="user.name" value="gustavo.melo"/>
    <property name="java.class.path" value="/C:/sts-bundle/sts-3.6.3.RELEASE/plugins/org.eclipse.m2e.maven.runtime_1.5.0.20140605-2032/jars/plexus-classworlds-2.5.1.jar"/>
    <property name="org.slf4j.simpleLogger.defaultLogLevel" value="info"/>
    <property name="java.vm.specification.version" value="1.8"/>
    <property name="sun.arch.data.model" value="64"/>
    <property name="java.home" value="C:\Program Files\Java\jdk1.8.0_31\jre"/>
    <property name="sun.java.command" value="org.codehaus.plexus.classworlds.launcher.Launcher -B clean test -Dtest=*"/>
    <property name="java.specification.vendor" value="Oracle Corporation"/>
    <property name="user.language" value="pt"/>
    <property name="awt.toolkit" value="sun.awt.windows.WToolkit"/>
    <property name="java.vm.info" value="mixed mode"/>
    <property name="java.version" value="1.8.0_31"/>
    <property name="java.ext.dirs" value="C:\Program Files\Java\jdk1.8.0_31\jre\lib\ext;C:\Windows\Sun\Java\lib\ext"/>
    <property name="sun.boot.class.path" value="C:\Program Files\Java\jdk1.8.0_31\jre\lib\resources.jar;C:\Program Files\Java\jdk1.8.0_31\jre\lib\rt.jar;C:\Program Files\Java\jdk1.8.0_31\jre\lib\sunrsasign.jar;C:\Program Files\Java\jdk1.8.0_31\jre\lib\jsse.jar;C:\Program Files\Java\jdk1.8.0_31\jre\lib\jce.jar;C:\Program Files\Java\jdk1.8.0_31\jre\lib\charsets.jar;C:\Program Files\Java\jdk1.8.0_31\jre\lib\jfr.jar;C:\Program Files\Java\jdk1.8.0_31\jre\classes"/>
    <property name="java.vendor" value="Oracle Corporation"/>
    <property name="maven.home" value="C:\Users\gustavo.melo\Documents\Testes\testeACOM\EMBEDDED"/>
    <property name="file.separator" value="\"/>
    <property name="java.vendor.url.bug" value="http://bugreport.sun.com/bugreport/"/>
    <property name="sun.cpu.endian" value="little"/>
    <property name="sun.io.unicode.encoding" value="UnicodeLittle"/>
    <property name="sun.desktop" value="windows"/>
    <property name="sun.cpu.isalist" value="amd64"/>
  </properties>
  <testcase classname="br.com.americanas.testeACOM.LoginACOM" name="LoginFirefox" time="51.911">
    <error message="Failed to connect to binary FirefoxBinary(C:\Program Files (x86)\Mozilla Firefox\firefox.exe) on port 7055; process output follows: 
08-4474-a285-3208198ce6fd}&quot;:{&quot;d&quot;:&quot;C:\\Program Files (x86)\\Mozilla Firefox\\browser\\extensions\\{972ce4c6-7e08-4474-a285-3208198ce6fd}&quot;,&quot;st&quot;:1424959342874,&quot;mt&quot;:1424959342724}}}
1430865685504	addons.xpi-utils	DEBUG	Opening XPI database C:\Users\GUSTAV~1.MEL\AppData\Local\Temp\anonymous6453043237493571317webdriver-profile\extensions.json
1430865685505	addons.xpi	DEBUG	New add-on fxdriver@googlecode.com installed in app-profile
*** Blocklist::_loadBlocklistFromFile: blocklist is disabled
1430865687436	addons.xpi-utils	DEBUG	Make addon app-profile:fxdriver@googlecode.com visible
1430865687438	DeferredSave.extensions.json	DEBUG	Save changes
1430865687438	DeferredSave.extensions.json	DEBUG	Save changes
1430865687439	addons.xpi	DEBUG	Updating XPIState for {&quot;id&quot;:&quot;fxdriver@googlecode.com&quot;,&quot;syncGUID&quot;:&quot;iDqvuEldhweE&quot;,&quot;location&quot;:&quot;app-profile&quot;,&quot;version&quot;:&quot;2.44.0&quot;,&quot;type&quot;:&quot;extension&quot;,&quot;internalName&quot;:null,&quot;updateURL&quot;:null,&quot;updateKey&quot;:null,&quot;optionsURL&quot;:null,&quot;optionsType&quot;:null,&quot;aboutURL&quot;:null,&quot;iconURL&quot;:null,&quot;icon64URL&quot;:null,&quot;defaultLocale&quot;:{&quot;name&quot;:&quot;Firefox WebDriver&quot;,&quot;description&quot;:&quot;WebDriver implementation for Firefox&quot;,&quot;creator&quot;:&quot;Simon Stewart&quot;,&quot;homepageURL&quot;:null},&quot;visible&quot;:true,&quot;active&quot;:true,&quot;userDisabled&quot;:false,&quot;appDisabled&quot;:false,&quot;descriptor&quot;:&quot;C:\\Users\\GUSTAV~1.MEL\\AppData\\Local\\Temp\\anonymous6453043237493571317webdriver-profile\\extensions\\fxdriver@googlecode.com&quot;,&quot;installDate&quot;:1430865648940,&quot;updateDate&quot;:1430865648940,&quot;applyBackgroundUpdates&quot;:1,&quot;bootstrap&quot;:false,&quot;size&quot;:8154627,&quot;sourceURI&quot;:null,&quot;releaseNotesURI&quot;:null,&quot;softDisabled&quot;:false,&quot;foreignInstall&quot;:true,&quot;hasBinaryComponents&quot;:true,&quot;strictCompatibility&quot;:false,&quot;locales&quot;:[],&quot;targetApplications&quot;:[{&quot;id&quot;:&quot;{ec8030f7-c20a-464f-9b0e-13a3a9e97384}&quot;,&quot;minVersion&quot;:&quot;3.0&quot;,&quot;maxVersion&quot;:&quot;66.*&quot;}],&quot;targetPlatforms&quot;:[{&quot;os&quot;:&quot;Darwin&quot;,&quot;abi&quot;:null},{&quot;os&quot;:&quot;SunOS&quot;,&quot;abi&quot;:null},{&quot;os&quot;:&quot;FreeBSD&quot;,&quot;abi&quot;:null},{&quot;os&quot;:&quot;WINNT&quot;,&quot;abi&quot;:&quot;x86-msvc&quot;},{&quot;os&quot;:&quot;Linux&quot;,&quot;abi&quot;:null}],&quot;multiprocessCompatible&quot;:false}
1430865687439	addons.xpi	DEBUG	getModTime: Recursive scan of fxdriver@googlecode.com
1430865687449	addons.xpi	DEBUG	New add-on {972ce4c6-7e08-4474-a285-3208198ce6fd} installed in app-global
1430865687468	addons.xpi-utils	DEBUG	Make addon app-global:{972ce4c6-7e08-4474-a285-3208198ce6fd} visible
1430865687468	DeferredSave.extensions.json	DEBUG	Save changes
1430865687468	DeferredSave.extensions.json	DEBUG	Save changes
1430865687468	addons.xpi	DEBUG	Updating XPIState for {&quot;id&quot;:&quot;{972ce4c6-7e08-4474-a285-3208198ce6fd}&quot;,&quot;syncGUID&quot;:&quot;4pFEr4kc6r9P&quot;,&quot;location&quot;:&quot;app-global&quot;,&quot;version&quot;:&quot;35.0.1&quot;,&quot;type&quot;:&quot;theme&quot;,&quot;internalName&quot;:&quot;classic/1.0&quot;,&quot;updateURL&quot;:null,&quot;updateKey&quot;:null,&quot;optionsURL&quot;:null,&quot;optionsType&quot;:null,&quot;aboutURL&quot;:null,&quot;iconURL&quot;:null,&quot;icon64URL&quot;:null,&quot;defaultLocale&quot;:{&quot;name&quot;:&quot;Default&quot;,&quot;description&quot;:&quot;The default theme.&quot;,&quot;creator&quot;:&quot;Mozilla&quot;,&quot;homepageURL&quot;:null,&quot;contributors&quot;:[&quot;Mozilla Contributors&quot;]},&quot;visible&quot;:true,&quot;active&quot;:true,&quot;userDisabled&quot;:false,&quot;appDisabled&quot;:false,&quot;descriptor&quot;:&quot;C:\\Program Files (x86)\\Mozilla Firefox\\browser\\extensions\\{972ce4c6-7e08-4474-a285-3208198ce6fd}&quot;,&quot;installDate&quot;:1424959342874,&quot;updateDate&quot;:1424959342874,&quot;applyBackgroundUpdates&quot;:1,&quot;skinnable&quot;:true,&quot;size&quot;:3175,&quot;sourceURI&quot;:null,&quot;releaseNotesURI&quot;:null,&quot;softDisabled&quot;:false,&quot;foreignInstall&quot;:false,&quot;hasBinaryComponents&quot;:false,&quot;strictCompatibility&quot;:true,&quot;locales&quot;:[],&quot;targetApplications&quot;:[{&quot;id&quot;:&quot;{ec8030f7-c20a-464f-9b0e-13a3a9e97384}&quot;,&quot;minVersion&quot;:&quot;35.0.1&quot;,&quot;maxVersion&quot;:&quot;35.0.1&quot;}],&quot;targetPlatforms&quot;:[]}
1430865687468	addons.xpi	DEBUG	getModTime: Recursive scan of {972ce4c6-7e08-4474-a285-3208198ce6fd}
1430865687469	addons.xpi	DEBUG	Updating database with changes to installed add-ons
1430865687470	addons.xpi-utils	DEBUG	Updating add-on states
1430865687470	addons.xpi-utils	DEBUG	Writing add-ons list
1430865687501	addons.manager	DEBUG	Registering shutdown blocker for XPIProvider
1430865687501	addons.manager	DEBUG	Registering shutdown blocker for LightweightThemeManager
1430865687502	addons.manager	DEBUG	Registering shutdown blocker for OpenH264Provider
1430865687503	addons.manager	DEBUG	Registering shutdown blocker for PluginProvider

Build info: version: &apos;2.42.0&apos;, revision: &apos;5e824302019c86eae9c8c3ca9155e7307b410cf8&apos;, time: &apos;2014-05-24 09:48:41&apos;
System info: host: &apos;BRRJOSEDAW73131&apos;, ip: &apos;10.168.69.238&apos;, os.name: &apos;Windows 7&apos;, os.arch: &apos;amd64&apos;, os.version: &apos;6.1&apos;, java.version: &apos;1.8.0_31&apos;
Driver info: driver.version: FirefoxDriver" type="org.openqa.selenium.WebDriverException">org.openqa.selenium.WebDriverException: Failed to connect to binary FirefoxBinary(C:\Program Files (x86)\Mozilla Firefox\firefox.exe) on port 7055; process output follows: 
08-4474-a285-3208198ce6fd}&quot;:{&quot;d&quot;:&quot;C:\\Program Files (x86)\\Mozilla Firefox\\browser\\extensions\\{972ce4c6-7e08-4474-a285-3208198ce6fd}&quot;,&quot;st&quot;:1424959342874,&quot;mt&quot;:1424959342724}}}
1430865685504	addons.xpi-utils	DEBUG	Opening XPI database C:\Users\GUSTAV~1.MEL\AppData\Local\Temp\anonymous6453043237493571317webdriver-profile\extensions.json
1430865685505	addons.xpi	DEBUG	New add-on fxdriver@googlecode.com installed in app-profile
*** Blocklist::_loadBlocklistFromFile: blocklist is disabled
1430865687436	addons.xpi-utils	DEBUG	Make addon app-profile:fxdriver@googlecode.com visible
1430865687438	DeferredSave.extensions.json	DEBUG	Save changes
1430865687438	DeferredSave.extensions.json	DEBUG	Save changes
1430865687439	addons.xpi	DEBUG	Updating XPIState for {&quot;id&quot;:&quot;fxdriver@googlecode.com&quot;,&quot;syncGUID&quot;:&quot;iDqvuEldhweE&quot;,&quot;location&quot;:&quot;app-profile&quot;,&quot;version&quot;:&quot;2.44.0&quot;,&quot;type&quot;:&quot;extension&quot;,&quot;internalName&quot;:null,&quot;updateURL&quot;:null,&quot;updateKey&quot;:null,&quot;optionsURL&quot;:null,&quot;optionsType&quot;:null,&quot;aboutURL&quot;:null,&quot;iconURL&quot;:null,&quot;icon64URL&quot;:null,&quot;defaultLocale&quot;:{&quot;name&quot;:&quot;Firefox WebDriver&quot;,&quot;description&quot;:&quot;WebDriver implementation for Firefox&quot;,&quot;creator&quot;:&quot;Simon Stewart&quot;,&quot;homepageURL&quot;:null},&quot;visible&quot;:true,&quot;active&quot;:true,&quot;userDisabled&quot;:false,&quot;appDisabled&quot;:false,&quot;descriptor&quot;:&quot;C:\\Users\\GUSTAV~1.MEL\\AppData\\Local\\Temp\\anonymous6453043237493571317webdriver-profile\\extensions\\fxdriver@googlecode.com&quot;,&quot;installDate&quot;:1430865648940,&quot;updateDate&quot;:1430865648940,&quot;applyBackgroundUpdates&quot;:1,&quot;bootstrap&quot;:false,&quot;size&quot;:8154627,&quot;sourceURI&quot;:null,&quot;releaseNotesURI&quot;:null,&quot;softDisabled&quot;:false,&quot;foreignInstall&quot;:true,&quot;hasBinaryComponents&quot;:true,&quot;strictCompatibility&quot;:false,&quot;locales&quot;:[],&quot;targetApplications&quot;:[{&quot;id&quot;:&quot;{ec8030f7-c20a-464f-9b0e-13a3a9e97384}&quot;,&quot;minVersion&quot;:&quot;3.0&quot;,&quot;maxVersion&quot;:&quot;66.*&quot;}],&quot;targetPlatforms&quot;:[{&quot;os&quot;:&quot;Darwin&quot;,&quot;abi&quot;:null},{&quot;os&quot;:&quot;SunOS&quot;,&quot;abi&quot;:null},{&quot;os&quot;:&quot;FreeBSD&quot;,&quot;abi&quot;:null},{&quot;os&quot;:&quot;WINNT&quot;,&quot;abi&quot;:&quot;x86-msvc&quot;},{&quot;os&quot;:&quot;Linux&quot;,&quot;abi&quot;:null}],&quot;multiprocessCompatible&quot;:false}
1430865687439	addons.xpi	DEBUG	getModTime: Recursive scan of fxdriver@googlecode.com
1430865687449	addons.xpi	DEBUG	New add-on {972ce4c6-7e08-4474-a285-3208198ce6fd} installed in app-global
1430865687468	addons.xpi-utils	DEBUG	Make addon app-global:{972ce4c6-7e08-4474-a285-3208198ce6fd} visible
1430865687468	DeferredSave.extensions.json	DEBUG	Save changes
1430865687468	DeferredSave.extensions.json	DEBUG	Save changes
1430865687468	addons.xpi	DEBUG	Updating XPIState for {&quot;id&quot;:&quot;{972ce4c6-7e08-4474-a285-3208198ce6fd}&quot;,&quot;syncGUID&quot;:&quot;4pFEr4kc6r9P&quot;,&quot;location&quot;:&quot;app-global&quot;,&quot;version&quot;:&quot;35.0.1&quot;,&quot;type&quot;:&quot;theme&quot;,&quot;internalName&quot;:&quot;classic/1.0&quot;,&quot;updateURL&quot;:null,&quot;updateKey&quot;:null,&quot;optionsURL&quot;:null,&quot;optionsType&quot;:null,&quot;aboutURL&quot;:null,&quot;iconURL&quot;:null,&quot;icon64URL&quot;:null,&quot;defaultLocale&quot;:{&quot;name&quot;:&quot;Default&quot;,&quot;description&quot;:&quot;The default theme.&quot;,&quot;creator&quot;:&quot;Mozilla&quot;,&quot;homepageURL&quot;:null,&quot;contributors&quot;:[&quot;Mozilla Contributors&quot;]},&quot;visible&quot;:true,&quot;active&quot;:true,&quot;userDisabled&quot;:false,&quot;appDisabled&quot;:false,&quot;descriptor&quot;:&quot;C:\\Program Files (x86)\\Mozilla Firefox\\browser\\extensions\\{972ce4c6-7e08-4474-a285-3208198ce6fd}&quot;,&quot;installDate&quot;:1424959342874,&quot;updateDate&quot;:1424959342874,&quot;applyBackgroundUpdates&quot;:1,&quot;skinnable&quot;:true,&quot;size&quot;:3175,&quot;sourceURI&quot;:null,&quot;releaseNotesURI&quot;:null,&quot;softDisabled&quot;:false,&quot;foreignInstall&quot;:false,&quot;hasBinaryComponents&quot;:false,&quot;strictCompatibility&quot;:true,&quot;locales&quot;:[],&quot;targetApplications&quot;:[{&quot;id&quot;:&quot;{ec8030f7-c20a-464f-9b0e-13a3a9e97384}&quot;,&quot;minVersion&quot;:&quot;35.0.1&quot;,&quot;maxVersion&quot;:&quot;35.0.1&quot;}],&quot;targetPlatforms&quot;:[]}
1430865687468	addons.xpi	DEBUG	getModTime: Recursive scan of {972ce4c6-7e08-4474-a285-3208198ce6fd}
1430865687469	addons.xpi	DEBUG	Updating database with changes to installed add-ons
1430865687470	addons.xpi-utils	DEBUG	Updating add-on states
1430865687470	addons.xpi-utils	DEBUG	Writing add-ons list
1430865687501	addons.manager	DEBUG	Registering shutdown blocker for XPIProvider
1430865687501	addons.manager	DEBUG	Registering shutdown blocker for LightweightThemeManager
1430865687502	addons.manager	DEBUG	Registering shutdown blocker for OpenH264Provider
1430865687503	addons.manager	DEBUG	Registering shutdown blocker for PluginProvider

Build info: version: &apos;2.42.0&apos;, revision: &apos;5e824302019c86eae9c8c3ca9155e7307b410cf8&apos;, time: &apos;2014-05-24 09:48:41&apos;
System info: host: &apos;BRRJOSEDAW73131&apos;, ip: &apos;10.168.69.238&apos;, os.name: &apos;Windows 7&apos;, os.arch: &apos;amd64&apos;, os.version: &apos;6.1&apos;, java.version: &apos;1.8.0_31&apos;
Driver info: driver.version: FirefoxDriver
	at org.openqa.selenium.firefox.internal.NewProfileExtensionConnection.start(NewProfileExtensionConnection.java:134)
	at org.openqa.selenium.firefox.FirefoxDriver.startClient(FirefoxDriver.java:246)
	at org.openqa.selenium.remote.RemoteWebDriver.&lt;init&gt;(RemoteWebDriver.java:114)
	at org.openqa.selenium.firefox.FirefoxDriver.&lt;init&gt;(FirefoxDriver.java:191)
	at org.openqa.selenium.firefox.FirefoxDriver.&lt;init&gt;(FirefoxDriver.java:186)
	at org.openqa.selenium.firefox.FirefoxDriver.&lt;init&gt;(FirefoxDriver.java:182)
	at br.com.americanas.testeACOM.LoginACOM.runBeforeEveryTest(LoginACOM.java:30)
	at sun.reflect.NativeMethodAccessorImpl.invoke0(Native Method)
	at sun.reflect.NativeMethodAccessorImpl.invoke(NativeMethodAccessorImpl.java:62)
	at sun.reflect.DelegatingMethodAccessorImpl.invoke(DelegatingMethodAccessorImpl.java:43)
	at java.lang.reflect.Method.invoke(Method.java:483)
	at org.junit.runners.model.FrameworkMethod$1.runReflectiveCall(FrameworkMethod.java:47)
	at org.junit.internal.runners.model.ReflectiveCallable.run(ReflectiveCallable.java:12)
	at org.junit.runners.model.FrameworkMethod.invokeExplosively(FrameworkMethod.java:44)
	at org.junit.internal.runners.statements.RunBefores.evaluate(RunBefores.java:24)
	at org.junit.internal.runners.statements.RunAfters.evaluate(RunAfters.java:27)
	at org.junit.runners.ParentRunner.runLeaf(ParentRunner.java:271)
	at org.junit.runners.BlockJUnit4ClassRunner.runChild(BlockJUnit4ClassRunner.java:70)
	at org.junit.runners.BlockJUnit4ClassRunner.runChild(BlockJUnit4ClassRunner.java:50)
	at org.junit.runners.ParentRunner$3.run(ParentRunner.java:238)
	at org.junit.runners.ParentRunner$1.schedule(ParentRunner.java:63)
	at org.junit.runners.ParentRunner.runChildren(ParentRunner.java:236)
	at org.junit.runners.ParentRunner.access$000(ParentRunner.java:53)
	at org.junit.runners.ParentRunner$2.evaluate(ParentRunner.java:229)
	at org.junit.runners.ParentRunner.run(ParentRunner.java:309)
	at org.apache.maven.surefire.junit4.JUnit4Provider.execute(JUnit4Provider.java:252)
	at org.apache.maven.surefire.junit4.JUnit4Provider.executeTestSet(JUnit4Provider.java:141)
	at org.apache.maven.surefire.junit4.JUnit4Provider.invoke(JUnit4Provider.java:112)
	at sun.reflect.NativeMethodAccessorImpl.invoke0(Native Method)
	at sun.reflect.NativeMethodAccessorImpl.invoke(NativeMethodAccessorImpl.java:62)
	at sun.reflect.DelegatingMethodAccessorImpl.invoke(DelegatingMethodAccessorImpl.java:43)
	at java.lang.reflect.Method.invoke(Method.java:483)
	at org.apache.maven.surefire.util.ReflectionUtils.invokeMethodWithArray(ReflectionUtils.java:189)
	at org.apache.maven.surefire.booter.ProviderFactory$ProviderProxy.invoke(ProviderFactory.java:165)
	at org.apache.maven.surefire.booter.ProviderFactory.invokeProvider(ProviderFactory.java:85)
	at org.apache.maven.surefire.booter.ForkedBooter.runSuitesInProcess(ForkedBooter.java:115)
	at org.apache.maven.surefire.booter.ForkedBooter.main(ForkedBooter.java:75)
Caused by: org.openqa.selenium.WebDriverException: java.lang.InterruptedException: Process timed out after waiting for 45000 ms.
Build info: version: &apos;2.42.0&apos;, revision: &apos;5e824302019c86eae9c8c3ca9155e7307b410cf8&apos;, time: &apos;2014-05-24 09:48:41&apos;
System info: host: &apos;BRRJOSEDAW73131&apos;, ip: &apos;10.168.69.238&apos;, os.name: &apos;Windows 7&apos;, os.arch: &apos;amd64&apos;, os.version: &apos;6.1&apos;, java.version: &apos;1.8.0_31&apos;
Driver info: driver.version: FirefoxDriver
	at org.openqa.selenium.os.CommandLine.waitFor(CommandLine.java:131)
	at org.openqa.selenium.firefox.FirefoxBinary.waitFor(FirefoxBinary.java:222)
	at org.openqa.selenium.firefox.FirefoxBinary.clean(FirefoxBinary.java:242)
	at org.openqa.selenium.firefox.internal.NewProfileExtensionConnection.start(NewProfileExtensionConnection.java:91)
	... 36 more
Caused by: java.lang.InterruptedException: Process timed out after waiting for 45000 ms.
	at org.openqa.selenium.os.UnixProcess.waitFor(UnixProcess.java:148)
	at org.openqa.selenium.os.CommandLine.waitFor(CommandLine.java:129)
	... 39 more
</error>
  </testcase>
  <testcase classname="br.com.americanas.testeACOM.LoginACOM" name="LoginFirefox" time="51.911">
    <error type="java.lang.NullPointerException">java.lang.NullPointerException
	at br.com.americanas.testeACOM.LoginACOM.tearDown(LoginACOM.java:47)
	at sun.reflect.NativeMethodAccessorImpl.invoke0(Native Method)
	at sun.reflect.NativeMethodAccessorImpl.invoke(NativeMethodAccessorImpl.java:62)
	at sun.reflect.DelegatingMethodAccessorImpl.invoke(DelegatingMethodAccessorImpl.java:43)
	at java.lang.reflect.Method.invoke(Method.java:483)
	at org.junit.runners.model.FrameworkMethod$1.runReflectiveCall(FrameworkMethod.java:47)
	at org.junit.internal.runners.model.ReflectiveCallable.run(ReflectiveCallable.java:12)
	at org.junit.runners.model.FrameworkMethod.invokeExplosively(FrameworkMethod.java:44)
	at org.junit.internal.runners.statements.RunAfters.evaluate(RunAfters.java:33)
	at org.junit.runners.ParentRunner.runLeaf(ParentRunner.java:271)
	at org.junit.runners.BlockJUnit4ClassRunner.runChild(BlockJUnit4ClassRunner.java:70)
	at org.junit.runners.BlockJUnit4ClassRunner.runChild(BlockJUnit4ClassRunner.java:50)
	at org.junit.runners.ParentRunner$3.run(ParentRunner.java:238)
	at org.junit.runners.ParentRunner$1.schedule(ParentRunner.java:63)
	at org.junit.runners.ParentRunner.runChildren(ParentRunner.java:236)
	at org.junit.runners.ParentRunner.access$000(ParentRunner.java:53)
	at org.junit.runners.ParentRunner$2.evaluate(ParentRunner.java:229)
	at org.junit.runners.ParentRunner.run(ParentRunner.java:309)
	at org.apache.maven.surefire.junit4.JUnit4Provider.execute(JUnit4Provider.java:252)
	at org.apache.maven.surefire.junit4.JUnit4Provider.executeTestSet(JUnit4Provider.java:141)
	at org.apache.maven.surefire.junit4.JUnit4Provider.invoke(JUnit4Provider.java:112)
	at sun.reflect.NativeMethodAccessorImpl.invoke0(Native Method)
	at sun.reflect.NativeMethodAccessorImpl.invoke(NativeMethodAccessorImpl.java:62)
	at sun.reflect.DelegatingMethodAccessorImpl.invoke(DelegatingMethodAccessorImpl.java:43)
	at java.lang.reflect.Method.invoke(Method.java:483)
	at org.apache.maven.surefire.util.ReflectionUtils.invokeMethodWithArray(ReflectionUtils.java:189)
	at org.apache.maven.surefire.booter.ProviderFactory$ProviderProxy.invoke(ProviderFactory.java:165)
	at org.apache.maven.surefire.booter.ProviderFactory.invokeProvider(ProviderFactory.java:85)
	at org.apache.maven.surefire.booter.ForkedBooter.runSuitesInProcess(ForkedBooter.java:115)
	at org.apache.maven.surefire.booter.ForkedBooter.main(ForkedBooter.java:75)
</error>
  </testcase>
</testsuite>